[1613602800] LOG ROTATION: DAILY
[1613602800] LOG VERSION: 2.0
[1613602800] CURRENT HOST STATE: localhost;UP;HARD;1;PING OK - Packet loss = 0%, RTA = 0.09 ms
[1613602800] CURRENT HOST STATE: viewnext105.sinensia.pw;UP;HARD;1;PING OK - Packet loss = 0%, RTA = 0.14 ms
[1613602800] CURRENT SERVICE STATE: localhost;Current Load;OK;HARD;1;OK - load average: 1.60, 1.08, 0.86
[1613602800] CURRENT SERVICE STATE: localhost;Current Users;OK;HARD;1;USERS OK - 0 users currently logged in
[1613602800] CURRENT SERVICE STATE: localhost;HTTP;OK;HARD;1;HTTP OK: HTTP/1.1 200 OK - 886 bytes in 0.001 second response time
[1613602800] CURRENT SERVICE STATE: localhost;PING;OK;HARD;1;PING OK - Packet loss = 0%, RTA = 0.11 ms
[1613602800] CURRENT SERVICE STATE: localhost;Root Partition;OK;HARD;1;DISK OK - free space: / 15153 MiB (21.02% inode=65%):
[1613602800] CURRENT SERVICE STATE: localhost;SSH;OK;HARD;1;SSH OK - OpenSSH_7.6p1 Ubuntu-4ubuntu0.3 (protocol 2.0)
[1613602800] CURRENT SERVICE STATE: localhost;Swap Usage;CRITICAL;HARD;4;SWAP CRITICAL - 0% free (0 MB out of 0 MB) - Swap is either disabled, not present, or of zero size.
[1613602800] CURRENT SERVICE STATE: localhost;Total Processes;OK;HARD;1;PROCS OK: 17 processes with STATE = RSZDT
[1613602800] CURRENT SERVICE STATE: viewnext105.sinensia.pw;SSH;OK;HARD;1;SSH OK - OpenSSH_7.6p1 Ubuntu-4ubuntu0.3 (protocol 2.0)
[1613602800] CURRENT SERVICE STATE: viewnext105.sinensia.pw;gitlab;OK;HARD;1;HTTP OK: HTTP/1.1 302 Found - 1030 bytes in 0.030 second response time
[1613602800] CURRENT SERVICE STATE: viewnext105.sinensia.pw;jenkins;OK;HARD;1;HTTP OK: HTTP/1.1 200 OK - 46669 bytes in 0.150 second response time
[1613606242] Auto-save of retention data completed successfully.
[1613609842] Auto-save of retention data completed successfully.
[1613613442] Auto-save of retention data completed successfully.
[1613617042] Auto-save of retention data completed successfully.
[1613620642] Auto-save of retention data completed successfully.
[1613624242] Auto-save of retention data completed successfully.
[1613627842] Auto-save of retention data completed successfully.
[1613631442] Auto-save of retention data completed successfully.
[1613635042] Auto-save of retention data completed successfully.
[1613638642] Auto-save of retention data completed successfully.
[1613641002] SERVICE ALERT: localhost;Root Partition;WARNING;SOFT;1;DISK WARNING - free space: / 14304 MiB (19.84% inode=65%):
[1613641062] SERVICE ALERT: localhost;Root Partition;WARNING;SOFT;2;DISK WARNING - free space: / 13710 MiB (19.02% inode=64%):
[1613641182] SERVICE ALERT: localhost;Root Partition;WARNING;SOFT;3;DISK WARNING - free space: / 12958 MiB (17.98% inode=64%):
[1613641242] SERVICE NOTIFICATION: nagiosadmin;localhost;Root Partition;WARNING;notify-service-by-email;DISK WARNING - free space: / 12134 MiB (16.83% inode=63%):
[1613641242] SERVICE ALERT: localhost;Root Partition;WARNING;HARD;4;DISK WARNING - free space: / 12134 MiB (16.83% inode=63%):
[1613641338] SERVICE ALERT: localhost;Current Load;WARNING;SOFT;1;WARNING - load average: 6.56, 4.17, 2.63
[1613641416] SERVICE ALERT: localhost;Current Load;OK;SOFT;2;OK - load average: 3.20, 3.62, 2.54
[1613642242] Auto-save of retention data completed successfully.
[1613642676] SERVICE ALERT: localhost;Current Load;WARNING;SOFT;1;WARNING - load average: 7.56, 3.69, 2.54
[1613642737] SERVICE ALERT: localhost;Current Load;OK;SOFT;2;OK - load average: 3.83, 3.40, 2.52
[1613643397] SERVICE ALERT: localhost;Current Load;WARNING;SOFT;1;WARNING - load average: 5.14, 3.27, 2.71
[1613643457] SERVICE ALERT: localhost;Current Load;OK;SOFT;2;OK - load average: 3.19, 3.07, 2.69
[1613644843] SERVICE NOTIFICATION: nagiosadmin;localhost;Root Partition;WARNING;notify-service-by-email;DISK WARNING - free space: / 12149 MiB (16.85% inode=63%):
[1613645617] SERVICE ALERT: localhost;Current Load;CRITICAL;SOFT;1;CRITICAL - load average: 16.36, 7.43, 4.51
[1613645668] SERVICE ALERT: viewnext105.sinensia.pw;gitlab;CRITICAL;SOFT;1;CRITICAL - Socket timeout
[1613645678] SERVICE ALERT: localhost;Current Load;CRITICAL;SOFT;2;CRITICAL - load average: 86.70, 28.16, 11.75
[1613645738] SERVICE ALERT: viewnext105.sinensia.pw;gitlab;CRITICAL;SOFT;2;CRITICAL - Socket timeout
[1613645739] SERVICE ALERT: localhost;Current Load;CRITICAL;SOFT;3;CRITICAL - load average: 123.94, 49.04, 19.93
[1613645800] SERVICE NOTIFICATION: nagiosadmin;localhost;Current Load;CRITICAL;notify-service-by-email;CRITICAL - load average: 148.85, 69.40, 28.73
[1613645800] SERVICE ALERT: localhost;Current Load;CRITICAL;HARD;4;CRITICAL - load average: 148.85, 69.40, 28.73
[1613645811] SERVICE ALERT: viewnext105.sinensia.pw;gitlab;CRITICAL;SOFT;3;CRITICAL - Socket timeout
[1613645814] wproc: NOTIFY job 785 from worker Core Worker 29 is a non-check helper but exited with return code 1
[1613645814] wproc:   host=localhost; service=Current Load; contact=nagiosadmin
[1613645814] wproc:   early_timeout=0; exited_ok=1; wait_status=256; error_code=0;
[1613645814] wproc:   stderr line 01: sendmail: Cannot open mailhog:1025
[1613645843] Auto-save of retention data completed successfully.
[1613645882] SERVICE ALERT: viewnext105.sinensia.pw;gitlab;CRITICAL;HARD;4;CRITICAL - Socket timeout
[1613645888] SERVICE ALERT: viewnext105.sinensia.pw;jenkins;CRITICAL;SOFT;1;CRITICAL - Socket timeout
[1613645959] SERVICE ALERT: viewnext105.sinensia.pw;jenkins;CRITICAL;SOFT;2;CRITICAL - Socket timeout
[1613646030] SERVICE ALERT: viewnext105.sinensia.pw;jenkins;CRITICAL;SOFT;3;CRITICAL - Socket timeout
[1613646091] SERVICE ALERT: viewnext105.sinensia.pw;jenkins;CRITICAL;HARD;4;connect to address 10.250.5.20 and port 9080: Connection refused
[1613646094] Caught SIGTERM, shutting down...
[1613646095] Successfully shutdown... (PID=24)
