[1613556814] Nagios 4.4.6 starting... (PID=28)
[1613556814] Local time is Wed Feb 17 11:13:34 CET 2021
[1613556814] LOG VERSION: 2.0
[1613556814] qh: Socket '/opt/nagios/var/rw/nagios.qh' successfully initialized
[1613556814] qh: core query handler registered
[1613556814] qh: echo service query handler registered
[1613556814] qh: help for the query handler registered
[1613556814] wproc: Successfully registered manager as @wproc with query handler
[1613556814] wproc: Registry request: name=Core Worker 56;pid=56
[1613556814] wproc: Registry request: name=Core Worker 57;pid=57
[1613556814] wproc: Registry request: name=Core Worker 58;pid=58
[1613556814] wproc: Registry request: name=Core Worker 59;pid=59
[1613556814] Successfully launched command file worker with pid 60
[1613556926] SERVICE ALERT: localhost;HTTP;WARNING;SOFT;1;HTTP WARNING: HTTP/1.1 401 Unauthorized - 691 bytes in 0.001 second response time
[1613556986] SERVICE ALERT: localhost;HTTP;WARNING;SOFT;2;HTTP WARNING: HTTP/1.1 401 Unauthorized - 691 bytes in 0.001 second response time
[1613557039] SERVICE ALERT: localhost;SSH;CRITICAL;SOFT;1;connect to address 127.0.0.1 and port 22: Connection refused
[1613557046] SERVICE ALERT: localhost;HTTP;WARNING;SOFT;3;HTTP WARNING: HTTP/1.1 401 Unauthorized - 691 bytes in 0.001 second response time
[1613557076] SERVICE ALERT: localhost;Swap Usage;CRITICAL;SOFT;1;SWAP CRITICAL - 0% free (0 MB out of 0 MB) - Swap is either disabled, not present, or of zero size.
[1613557099] SERVICE ALERT: localhost;SSH;CRITICAL;SOFT;2;connect to address 127.0.0.1 and port 22: Connection refused
[1613557106] SERVICE ALERT: localhost;HTTP;WARNING;HARD;4;HTTP WARNING: HTTP/1.1 401 Unauthorized - 691 bytes in 0.001 second response time
[1613557136] SERVICE ALERT: localhost;Swap Usage;CRITICAL;SOFT;2;SWAP CRITICAL - 0% free (0 MB out of 0 MB) - Swap is either disabled, not present, or of zero size.
[1613557159] SERVICE ALERT: localhost;SSH;CRITICAL;SOFT;3;connect to address 127.0.0.1 and port 22: Connection refused
[1613557196] SERVICE ALERT: localhost;Swap Usage;CRITICAL;SOFT;3;SWAP CRITICAL - 0% free (0 MB out of 0 MB) - Swap is either disabled, not present, or of zero size.
[1613557219] SERVICE ALERT: localhost;SSH;CRITICAL;HARD;4;connect to address 127.0.0.1 and port 22: Connection refused
[1613557256] SERVICE NOTIFICATION: nagiosadmin;localhost;Swap Usage;CRITICAL;notify-service-by-email;SWAP CRITICAL - 0% free (0 MB out of 0 MB) - Swap is either disabled, not present, or of zero size.
[1613557256] SERVICE ALERT: localhost;Swap Usage;CRITICAL;HARD;4;SWAP CRITICAL - 0% free (0 MB out of 0 MB) - Swap is either disabled, not present, or of zero size.
[1613557261] wproc: NOTIFY job 5 from worker Core Worker 59 is a non-check helper but exited with return code 1
[1613557261] wproc:   host=localhost; service=Swap Usage; contact=nagiosadmin
[1613557261] wproc:   early_timeout=0; exited_ok=1; wait_status=256; error_code=0;
[1613557261] wproc:   stderr line 01: sendmail: Cannot open mailhub:25
[1613560414] Auto-save of retention data completed successfully.
[1613560856] SERVICE NOTIFICATION: nagiosadmin;localhost;Swap Usage;CRITICAL;notify-service-by-email;SWAP CRITICAL - 0% free (0 MB out of 0 MB) - Swap is either disabled, not present, or of zero size.
[1613560861] wproc: NOTIFY job 33 from worker Core Worker 56 is a non-check helper but exited with return code 1
[1613560861] wproc:   host=localhost; service=Swap Usage; contact=nagiosadmin
[1613560861] wproc:   early_timeout=0; exited_ok=1; wait_status=256; error_code=0;
[1613560861] wproc:   stderr line 01: sendmail: Cannot open mailhub:25
[1613564014] Auto-save of retention data completed successfully.
[1613564456] SERVICE NOTIFICATION: nagiosadmin;localhost;Swap Usage;CRITICAL;notify-service-by-email;SWAP CRITICAL - 0% free (0 MB out of 0 MB) - Swap is either disabled, not present, or of zero size.
[1613564461] wproc: NOTIFY job 60 from worker Core Worker 57 is a non-check helper but exited with return code 1
[1613564461] wproc:   host=localhost; service=Swap Usage; contact=nagiosadmin
[1613564461] wproc:   early_timeout=0; exited_ok=1; wait_status=256; error_code=0;
[1613564461] wproc:   stderr line 01: sendmail: Cannot open mailhub:25
[1613566456] Caught SIGTERM, shutting down...
[1613566456] Successfully shutdown... (PID=28)
[1613566465] Nagios 4.4.6 starting... (PID=25)
[1613566465] Local time is Wed Feb 17 13:54:25 CET 2021
[1613566465] LOG VERSION: 2.0
[1613566465] qh: Socket '/opt/nagios/var/rw/nagios.qh' successfully initialized
[1613566465] qh: core query handler registered
[1613566465] qh: echo service query handler registered
[1613566465] qh: help for the query handler registered
[1613566465] wproc: Successfully registered manager as @wproc with query handler
[1613566465] wproc: Registry request: name=Core Worker 29;pid=29
[1613566465] wproc: Registry request: name=Core Worker 32;pid=32
[1613566465] wproc: Registry request: name=Core Worker 31;pid=31
[1613566465] wproc: Registry request: name=Core Worker 30;pid=30
[1613566466] Successfully launched command file worker with pid 35
[1613566934] Caught SIGTERM, shutting down...
[1613566934] Successfully shutdown... (PID=25)
[1613566944] Nagios 4.4.6 starting... (PID=26)
[1613566944] Local time is Wed Feb 17 14:02:24 CET 2021
[1613566944] LOG VERSION: 2.0
[1613566944] qh: Socket '/opt/nagios/var/rw/nagios.qh' successfully initialized
[1613566944] qh: core query handler registered
[1613566944] qh: echo service query handler registered
[1613566944] qh: help for the query handler registered
[1613566944] wproc: Successfully registered manager as @wproc with query handler
[1613566944] wproc: Registry request: name=Core Worker 34;pid=34
[1613566944] wproc: Registry request: name=Core Worker 31;pid=31
[1613566944] wproc: Registry request: name=Core Worker 33;pid=33
[1613566944] wproc: Registry request: name=Core Worker 32;pid=32
[1613566944] Successfully launched command file worker with pid 36
[1613567107] SERVICE ALERT: viewnext105.sinensia.pw;jenkins;WARNING;SOFT;1;HTTP WARNING: HTTP/1.1 403 Forbidden - 1529 bytes in 0.002 second response time
[1613567127] Caught SIGTERM, shutting down...
[1613567127] Successfully shutdown... (PID=26)
[1613567176] Nagios 4.4.6 starting... (PID=27)
[1613567176] Local time is Wed Feb 17 14:06:16 CET 2021
[1613567176] LOG VERSION: 2.0
[1613567176] qh: Socket '/opt/nagios/var/rw/nagios.qh' successfully initialized
[1613567176] qh: core query handler registered
[1613567176] qh: echo service query handler registered
[1613567176] qh: help for the query handler registered
[1613567176] wproc: Successfully registered manager as @wproc with query handler
[1613567176] wproc: Registry request: name=Core Worker 32;pid=32
[1613567176] wproc: Registry request: name=Core Worker 31;pid=31
[1613567176] wproc: Registry request: name=Core Worker 30;pid=30
[1613567176] wproc: Registry request: name=Core Worker 29;pid=29
[1613567177] Successfully launched command file worker with pid 38
[1613567237] SERVICE ALERT: viewnext105.sinensia.pw;jenkins;WARNING;SOFT;2;HTTP WARNING: HTTP/1.1 403 Forbidden - 1530 bytes in 0.002 second response time
[1613567297] SERVICE ALERT: viewnext105.sinensia.pw;jenkins;WARNING;SOFT;3;HTTP WARNING: HTTP/1.1 403 Forbidden - 1531 bytes in 0.002 second response time
[1613567357] SERVICE ALERT: viewnext105.sinensia.pw;jenkins;WARNING;HARD;4;HTTP WARNING: HTTP/1.1 403 Forbidden - 1532 bytes in 0.002 second response time
[1613567464] Caught SIGTERM, shutting down...
[1613567464] Successfully shutdown... (PID=27)
[1613567476] Nagios 4.4.6 starting... (PID=24)
[1613567476] Local time is Wed Feb 17 14:11:16 CET 2021
[1613567476] LOG VERSION: 2.0
[1613567476] qh: Socket '/opt/nagios/var/rw/nagios.qh' successfully initialized
[1613567476] qh: core query handler registered
[1613567476] qh: echo service query handler registered
[1613567476] qh: help for the query handler registered
[1613567476] wproc: Successfully registered manager as @wproc with query handler
[1613567476] wproc: Registry request: name=Core Worker 31;pid=31
[1613567476] wproc: Registry request: name=Core Worker 32;pid=32
[1613567476] wproc: Registry request: name=Core Worker 29;pid=29
[1613567476] wproc: Registry request: name=Core Worker 30;pid=30
[1613567476] Successfully launched command file worker with pid 33
[1613567530] Caught SIGTERM, shutting down...
[1613567530] Successfully shutdown... (PID=24)
[1613567546] Nagios 4.4.6 starting... (PID=25)
[1613567546] Local time is Wed Feb 17 14:12:26 CET 2021
[1613567546] LOG VERSION: 2.0
[1613567546] qh: Socket '/opt/nagios/var/rw/nagios.qh' successfully initialized
[1613567546] qh: core query handler registered
[1613567546] qh: echo service query handler registered
[1613567546] qh: help for the query handler registered
[1613567546] wproc: Successfully registered manager as @wproc with query handler
[1613567546] wproc: Registry request: name=Core Worker 32;pid=32
[1613567546] wproc: Registry request: name=Core Worker 31;pid=31
[1613567546] wproc: Registry request: name=Core Worker 33;pid=33
[1613567546] wproc: Registry request: name=Core Worker 30;pid=30
[1613567547] Successfully launched command file worker with pid 34
[1613567608] SERVICE ALERT: localhost;HTTP;OK;HARD;4;HTTP OK: HTTP/1.1 200 OK - 886 bytes in 0.003 second response time
[1613567720] SERVICE ALERT: localhost;SSH;OK;HARD;4;SSH OK - OpenSSH_7.6p1 Ubuntu-4ubuntu0.3 (protocol 2.0)
[1613568185] SERVICE NOTIFICATION: nagiosadmin;localhost;Swap Usage;CRITICAL;notify-service-by-email;SWAP CRITICAL - 0% free (0 MB out of 0 MB) - Swap is either disabled, not present, or of zero size.
[1613571146] Auto-save of retention data completed successfully.
[1613571785] SERVICE NOTIFICATION: nagiosadmin;localhost;Swap Usage;CRITICAL;notify-service-by-email;SWAP CRITICAL - 0% free (0 MB out of 0 MB) - Swap is either disabled, not present, or of zero size.
[1613572455] Caught SIGTERM, shutting down...
[1613572455] Successfully shutdown... (PID=25)
[1613572458] Nagios 4.4.6 starting... (PID=25)
[1613572458] Local time is Wed Feb 17 15:34:18 CET 2021
[1613572458] LOG VERSION: 2.0
[1613572458] qh: Socket '/opt/nagios/var/rw/nagios.qh' successfully initialized
[1613572458] qh: core query handler registered
[1613572458] qh: echo service query handler registered
[1613572458] qh: help for the query handler registered
[1613572458] wproc: Successfully registered manager as @wproc with query handler
[1613572458] wproc: Registry request: name=Core Worker 30;pid=30
[1613572458] wproc: Registry request: name=Core Worker 28;pid=28
[1613572458] wproc: Registry request: name=Core Worker 29;pid=29
[1613572458] wproc: Registry request: name=Core Worker 27;pid=27
[1613572458] Successfully launched command file worker with pid 33
[1613572643] Caught SIGTERM, shutting down...
[1613572643] Successfully shutdown... (PID=25)
[1613572645] Nagios 4.4.6 starting... (PID=25)
[1613572645] Local time is Wed Feb 17 15:37:25 CET 2021
[1613572645] LOG VERSION: 2.0
[1613572645] qh: Socket '/opt/nagios/var/rw/nagios.qh' successfully initialized
[1613572645] qh: core query handler registered
[1613572645] qh: echo service query handler registered
[1613572645] qh: help for the query handler registered
[1613572645] wproc: Successfully registered manager as @wproc with query handler
[1613572646] wproc: Registry request: name=Core Worker 34;pid=34
[1613572646] wproc: Registry request: name=Core Worker 32;pid=32
[1613572646] wproc: Registry request: name=Core Worker 33;pid=33
[1613572646] wproc: Registry request: name=Core Worker 31;pid=31
[1613572646] Successfully launched command file worker with pid 38
[1613573379] EXTERNAL COMMAND: SCHEDULE_FORCED_SVC_CHECK;viewnext105.sinensia.pw;jenkins;1613573375
[1613573393] EXTERNAL COMMAND: CLEAR_SVC_FLAPPING_STATE;viewnext105.sinensia.pw;jenkins
[1613573430] EXTERNAL COMMAND: DEL_ALL_SVC_COMMENTS;viewnext105.sinensia.pw;jenkins
[1613573840] Caught SIGTERM, shutting down...
[1613573840] Successfully shutdown... (PID=25)
[1613573842] Nagios 4.4.6 starting... (PID=24)
[1613573842] Local time is Wed Feb 17 15:57:22 CET 2021
[1613573842] LOG VERSION: 2.0
[1613573842] qh: Socket '/opt/nagios/var/rw/nagios.qh' successfully initialized
[1613573842] qh: core query handler registered
[1613573842] qh: echo service query handler registered
[1613573842] qh: help for the query handler registered
[1613573842] wproc: Successfully registered manager as @wproc with query handler
[1613573842] wproc: Registry request: name=Core Worker 31;pid=31
[1613573842] wproc: Registry request: name=Core Worker 32;pid=32
[1613573842] wproc: Registry request: name=Core Worker 30;pid=30
[1613573842] wproc: Registry request: name=Core Worker 29;pid=29
[1613573842] Successfully launched command file worker with pid 33
[1613573877] EXTERNAL COMMAND: SCHEDULE_FORCED_SVC_CHECK;viewnext105.sinensia.pw;jenkins;1613573875
[1613573877] SERVICE ALERT: viewnext105.sinensia.pw;jenkins;OK;HARD;4;HTTP OK: HTTP/1.1 200 OK - 46646 bytes in 0.279 second response time
[1613577442] Auto-save of retention data completed successfully.
[1613580558] SERVICE ALERT: localhost;Current Load;WARNING;SOFT;1;WARNING - load average: 5.57, 2.72, 1.52
[1613580618] SERVICE ALERT: localhost;Current Load;WARNING;SOFT;2;WARNING - load average: 7.99, 3.99, 2.04
[1613580678] SERVICE ALERT: localhost;Current Load;WARNING;SOFT;3;WARNING - load average: 6.76, 4.33, 2.28
[1613580738] SERVICE NOTIFICATION: nagiosadmin;localhost;Current Load;CRITICAL;notify-service-by-email;CRITICAL - load average: 12.24, 6.11, 3.01
[1613580738] SERVICE ALERT: localhost;Current Load;CRITICAL;HARD;4;CRITICAL - load average: 12.24, 6.11, 3.01
[1613581038] SERVICE NOTIFICATION: nagiosadmin;localhost;Current Load;WARNING;notify-service-by-email;WARNING - load average: 2.33, 4.13, 3.05
[1613581038] SERVICE ALERT: localhost;Current Load;WARNING;HARD;4;WARNING - load average: 2.33, 4.13, 3.05
[1613581042] Auto-save of retention data completed successfully.
[1613581338] SERVICE NOTIFICATION: nagiosadmin;localhost;Current Load;OK;notify-service-by-email;OK - load average: 0.64, 1.95, 2.40
[1613581338] SERVICE ALERT: localhost;Current Load;OK;HARD;4;OK - load average: 0.64, 1.95, 2.40
[1613584642] Auto-save of retention data completed successfully.
[1613588242] Auto-save of retention data completed successfully.
[1613591842] Auto-save of retention data completed successfully.
[1613595442] Auto-save of retention data completed successfully.
[1613599042] Auto-save of retention data completed successfully.
[1613602642] Auto-save of retention data completed successfully.
